<?xml version="1.0" encoding="UTF-8"?>
<!-- Generated by org.testng.reporters.JUnitReportReporter -->
<testsuite hostname="DESKTOP-F8H3HTJ" failures="0" tests="3" name="Com.TESTNG.Nykaa$nykaa" time="68.143" errors="0" timestamp="2026-02-22T17:25:27 IST" skipped="0">
  <testcase classname="Com.TESTNG.Nykaa$nykaa" name="search" time="34.138"/>
  <testcase classname="Com.TESTNG.Nykaa$nykaa" name="category" time="18.398"/>
  <testcase classname="Com.TESTNG.Nykaa$nykaa" name="bag" time="15.607"/>
</testsuite> <!-- Com.TESTNG.Nykaa$nykaa -->
