<?xml version="1.0" encoding="UTF-8"?>
<!-- Generated by org.testng.reporters.JUnitReportReporter -->
<testsuite hostname="DESKTOP-F8H3HTJ" failures="0" tests="3" name="Com.TESTNG.AnotationDemo" time="0.039" errors="0" timestamp="2026-02-20T00:09:33 IST" skipped="0">
  <testcase classname="Com.TESTNG.AnotationDemo" name="cond3" time="0.009"/>
  <testcase classname="Com.TESTNG.AnotationDemo" name="cond2" time="0.010"/>
  <testcase classname="Com.TESTNG.AnotationDemo" name="cond1" time="0.020"/>
</testsuite> <!-- Com.TESTNG.AnotationDemo -->
